Name                                                    Stmts   Miss  Cover   Missing
-------------------------------------------------------------------------------------
catalog/__init__.py                                         0      0   100%
catalog/admin.py                                           24      0   100%
catalog/apps.py                                             4      0   100%
catalog/forms.py                                           15      0   100%
catalog/migrations/0001_initial.py                          8      0   100%
catalog/migrations/0002_language_and_more.py                6      0   100%
catalog/migrations/0003_alter_author_date_of_birth.py       4      0   100%
catalog/migrations/0004_bookinstance_borrower.py            6      0   100%
catalog/migrations/0005_alter_bookinstance_options.py       4      0   100%
catalog/migrations/0006_alter_author_date_of_death.py       4      0   100%
catalog/migrations/__init__.py                              0      0   100%
catalog/models.py                                          63      3    95%   42, 85, 124
catalog/tests/__init__.py                                   0      0   100%
catalog/urls.py                                             3      0   100%
catalog/views.py                                          106     10    91%   155-159, 181-185
-------------------------------------------------------------------------------------
TOTAL                                                     247     13    95%
